info it worked if it ends with ok
verbose cli [ 'node', '/usr/local/bin/npm', 'install', 'lessc' ]
info using npm@1.1.0-alpha-6
info using node@v0.6.5
verbose config file /Users/paganotti/.npmrc
verbose config file /usr/local/etc/npmrc
verbose config file /usr/local/lib/node_modules/npm/npmrc
verbose into /Users/paganotti [ 'lessc' ]
verbose cache add lessc
verbose cache add [ 'lessc', null ]
silly cache add: name, spec, args [ undefined, 'lessc', [ 'lessc', null ] ]
verbose parsed url { pathname: 'lessc', path: 'lessc', href: 'lessc' }
info addNamed [ 'lessc', '' ]
verbose addNamed [ null, '' ]
verbose GET lessc
verbose raw, before any munging lessc
verbose url resolving [ 'https://registry.npmjs.org/', './lessc' ]
verbose url resolved https://registry.npmjs.org/lessc
silly get cb [ 404,
silly get cb   { server: 'CouchDB/1.1.0 (Erlang OTP/R14B04)',
silly get cb     date: 'Sat, 10 Dec 2011 22:04:59 GMT',
silly get cb     'content-type': 'application/json',
silly get cb     'content-length': '52',
silly get cb     'cache-control': 'must-revalidate' } ]
ERR! 404 'lessc' is not in the npm registry.
ERR! 404 You could maybe bug the author to publish it
ERR! 404 Note that you can also install from a tarball or folder.
ERR! 
ERR! System Darwin 10.8.0
ERR! command "node" "/usr/local/bin/npm" "install" "lessc"
ERR! cwd /Users/paganotti
ERR! node -v v0.6.5
ERR! npm -v 1.1.0-alpha-6
ERR! code E404
ERR! message 404 Not Found: lessc
verbose exit [ 1, true ]

seeeeeeeeee
